<?xml version="1.0" encoding="UTF-8"?>
<!-- Generated by org.testng.reporters.JUnitReportReporter -->
<testsuite hostname="Tech04" failures="0" tests="1" name="AutomationTestCases.IgniteSolutions.testCase_VerifyFileDownload" time="11.001" errors="0" timestamp="2021-07-16T21:09:03 IST" skipped="0">
  <testcase classname="AutomationTestCases.IgniteSolutions.testCase_VerifyFileDownload" name="toDownloadFile" time="11.001"/>
  <system-out/>
</testsuite> <!-- AutomationTestCases.IgniteSolutions.testCase_VerifyFileDownload -->
