<?xml version="1.0" encoding="UTF-8"?>
<!-- Generated by org.testng.reporters.JUnitReportReporter -->
<testsuite hostname="Tech04" failures="0" tests="1" name="AutomationTestCases.IgniteSolutions.TestCase" time="0.020" errors="0" timestamp="2021-07-15T18:12:08 IST" skipped="0">
  <testcase classname="AutomationTestCases.IgniteSolutions.TestCase" name="testcase" time="0.020"/>
  <system-out/>
</testsuite> <!-- AutomationTestCases.IgniteSolutions.TestCase -->
