<?xml version="1.0" encoding="UTF-8"?>
<!-- Generated by org.testng.reporters.JUnitReportReporter -->
<testsuite hostname="Tech04" failures="0" tests="1" name="AutomationTestCases.IgniteSolutions.TestCase" time="0.012" errors="0" timestamp="2021-07-15T22:05:39 IST" skipped="0">
  <testcase classname="AutomationTestCases.IgniteSolutions.TestCase" name="validateTitle" time="0.012"/>
  <system-out/>
</testsuite> <!-- AutomationTestCases.IgniteSolutions.TestCase -->
