<?xml version="1.0" encoding="UTF-8"?>
<!-- Generated by org.testng.reporters.JUnitReportReporter -->
<testsuite hostname="Tech04" failures="0" tests="2" name="AutomationTestCases.IgniteSolutions.TestCase" time="0.466" errors="0" timestamp="2021-07-15T22:11:58 IST" skipped="0">
  <testcase classname="AutomationTestCases.IgniteSolutions.TestCase" name="validateTitle" time="0.011"/>
  <system-out/>
  <testcase classname="AutomationTestCases.IgniteSolutions.TestCase" name="getButtonCount" time="0.455"/>
  <system-out/>
</testsuite> <!-- AutomationTestCases.IgniteSolutions.TestCase -->
